<?xml version="1.0" encoding="UTF-8"?>
<!-- Generated by org.testng.reporters.JUnitXMLReporter -->
<testsuite ignored="0" hostname="MacBook-Pro-5.local" failures="0" tests="4" name="OrangeHrm" time="0.114" errors="0" timestamp="2024-12-30T00:19:40 IST">
  <testcase classname="testNg.TestNgAnnotations" name="login" time="0.031"/>
  <testcase classname="testNg.TestNgAnnotations" name="checkOut" time="0.002"/>
  <testcase classname="testNg.TestNgAnnotations" name="homePage" time="0.003"/>
  <testcase classname="testNg.Test2" name="logout" time="0.0"/>
</testsuite> <!-- OrangeHrm -->
