<?xml version="1.0" encoding="UTF-8"?>
<!-- Generated by org.testng.reporters.JUnitXMLReporter -->
<testsuite ignored="0" hostname="MacBook-Pro-5.local" failures="0" tests="5" name="Surefire test" time="0.024" errors="0" timestamp="2025-01-02T16:22:16 IST">
  <testcase classname="grouping.Sanity" name="m2" time="0.002"/>
  <testcase classname="grouping.Sanity" name="m5" time="0.0"/>
  <testcase classname="grouping.Sanity" name="m3" time="0.001"/>
  <testcase classname="grouping.Sanity" name="m4" time="0.0"/>
  <testcase classname="grouping.Sanity" name="m1" time="0.001"/>
</testsuite> <!-- Surefire test -->
