<?xml version="1.0" encoding="UTF-8"?>
<!-- Generated by org.testng.reporters.JUnitXMLReporter -->
<testsuite ignored="0" hostname="MacBook-Pro-5.local" failures="0" tests="4" name="Surefire test" time="0.015" errors="0" timestamp="2025-01-13T10:09:19 IST">
  <testcase classname="testNg.Test2" name="logout" time="0.002"/>
  <testcase classname="testNg.TestNgAnnotations" name="login" time="0.0"/>
  <testcase classname="testNg.TestNgAnnotations" name="checkOut" time="0.0"/>
  <testcase classname="testNg.TestNgAnnotations" name="homePage" time="0.0"/>
</testsuite> <!-- Surefire test -->
