<?xml version="1.0" encoding="UTF-8"?>
<!-- Generated by org.testng.reporters.JUnitXMLReporter -->
<testsuite ignored="0" hostname="MacBook-Pro-5.local" failures="0" tests="3" name="Test" time="21.475" errors="0" timestamp="2025-01-21T14:13:37 IST">
  <testcase classname="paralleltesting.ParalleltestingscriptusingXMLFile" name="setUp" time="20.778"/>
  <testcase classname="paralleltesting.ParalleltestingscriptusingXMLFile" name="logodisplayed" time="0.276"/>
  <testcase classname="paralleltesting.ParalleltestingscriptusingXMLFile" name="tearDown" time="0.304"/>
</testsuite> <!-- Test -->
