<?xml version="1.0" encoding="UTF-8"?>
<!-- Generated by org.testng.reporters.JUnitXMLReporter -->
<testsuite ignored="0" hostname="MacBook-Pro-5.local" failures="0" tests="3" name="Test 2" time="0.026" errors="0" timestamp="2025-01-01T22:52:23 IST">
  <testcase classname="testNBeforeAndAfterTest.c1" name="homePage" time="0.002"/>
  <testcase classname="testNBeforeAndAfterTest.c1" name="logout" time="0.003"/>
  <testcase classname="testNBeforeAndAfterTest.c2" name="login2" time="0.003"/>
</testsuite> <!-- Test 2 -->
