<?xml version="1.0" encoding="UTF-8"?>
<!-- Generated by org.testng.reporters.JUnitXMLReporter -->
<testsuite ignored="0" hostname="MacBook-Pro-5.local" failures="0" tests="3" name="Test2" time="16.993" errors="0" timestamp="2025-01-01T18:31:13 IST">
  <testcase classname="paralleltesting.ParalleltestingscriptusingXMLFile" name="setUp" time="15.788"/>
  <testcase classname="paralleltesting.ParalleltestingscriptusingXMLFile" name="logodisplayed" time="0.132"/>
  <testcase classname="paralleltesting.ParalleltestingscriptusingXMLFile" name="tearDown" time="0.954"/>
</testsuite> <!-- Test2 -->
