<?xml version="1.0" encoding="UTF-8"?>
<!-- Generated by org.testng.reporters.JUnitXMLReporter -->
<testsuite ignored="0" hostname="MacBook-Pro-5.local" failures="1" tests="3" name="Test" time="18.802" errors="0" timestamp="2025-01-02T16:50:26 IST">
  <testcase classname="listeners.NinjaCart" name="mouseHover" time="5.519"/>
  <testcase classname="listeners.NinjaCart" name="myFailedmethod" time="0.113">
    <failure type="java.lang.AssertionError" message="expected [true] but found [false]">
      <![CDATA[java.lang.AssertionError: expected [true] but found [false]
at listeners.NinjaCart.myFailedmethod(NinjaCart.java:76)
at java.base/java.util.ArrayList.forEach(ArrayList.java:1511)
... Removed 31 stack frames]]>
    </failure>
  </testcase> <!-- myFailedmethod -->
  <testcase classname="listeners.NinjaCart" name="mySkippedMethod" time="0.005"/>
</testsuite> <!-- Test -->
