<?xml version="1.0" encoding="UTF-8"?>
<testng-results ignored="0" total="4" passed="4" failed="0" skipped="0">
  <reporter-output>
  </reporter-output>
  <suite started-at="2025-01-13T10:09:19 IST" name="Surefire suite" finished-at="2025-01-13T10:09:19 IST" duration-ms="15">
    <groups>
    </groups>
    <test started-at="2025-01-13T10:09:19 IST" name="Surefire test" finished-at="2025-01-13T10:09:19 IST" duration-ms="15">
      <class name="testNg.TestNgAnnotations">
        <test-method signature="login()[pri:0, instance:testNg.TestNgAnnotations@60704c]" started-at="2025-01-13T10:09:19 IST" name="login" finished-at="2025-01-13T10:09:19 IST" duration-ms="0" status="PASS">
          <reporter-output>
          </reporter-output>
        </test-method> <!-- login -->
        <test-method signature="homePage()[pri:2, instance:testNg.TestNgAnnotations@60704c]" started-at="2025-01-13T10:09:19 IST" name="homePage" finished-at="2025-01-13T10:09:19 IST" duration-ms="0" status="PASS">
          <reporter-output>
          </reporter-output>
        </test-method> <!-- homePage -->
        <test-method signature="checkOut()[pri:2, instance:testNg.TestNgAnnotations@60704c]" started-at="2025-01-13T10:09:19 IST" name="checkOut" finished-at="2025-01-13T10:09:19 IST" duration-ms="0" status="PASS">
          <reporter-output>
          </reporter-output>
        </test-method> <!-- checkOut -->
      </class> <!-- testNg.TestNgAnnotations -->
      <class name="testNg.Test2">
        <test-method signature="logout()[pri:0, instance:testNg.Test2@6293abcc]" started-at="2025-01-13T10:09:19 IST" name="logout" finished-at="2025-01-13T10:09:19 IST" duration-ms="2" status="PASS">
          <reporter-output>
          </reporter-output>
        </test-method> <!-- logout -->
      </class> <!-- testNg.Test2 -->
    </test> <!-- Surefire test -->
  </suite> <!-- Surefire suite -->
</testng-results>
