<?xml version="1.0" encoding="UTF-8"?>
<!-- Generated by org.testng.reporters.JUnitXMLReporter -->
<testsuite ignored="0" hostname="MacBook-Pro-5.local" failures="0" tests="3" name="Test" time="0.111" errors="0" timestamp="2024-12-30T00:17:29 IST">
  <testcase classname="testNg.TestNgAnnotations" name="login" time="0.004"/>
  <testcase classname="testNg.TestNgAnnotations" name="checkOut" time="0.01"/>
  <testcase classname="testNg.TestNgAnnotations" name="homePage" time="0.003"/>
</testsuite> <!-- Test -->
